<?xml version="1.0" encoding="utf-8"?><testsuites name="pytest tests"><testsuite name="pytest" errors="0" failures="0" skipped="0" tests="21" time="37.139" timestamp="2026-06-24T20:45:34.055511+00:00" hostname="agent-env-44788911-22b9-4001-9837-32c0acf41775"><testcase classname="backend.tests.test_ai_endpoints" name="test_01_register_user" time="0.553" /><testcase classname="backend.tests.test_ai_endpoints" name="test_02_claim_handle" time="0.159" /><testcase classname="backend.tests.test_ai_endpoints" name="test_10_smart_reply_generic_returns_suggestions" time="2.465" /><testcase classname="backend.tests.test_ai_endpoints" name="test_11_smart_reply_empty_messages" time="0.165" /><testcase classname="backend.tests.test_ai_endpoints" name="test_20_smart_reply_chat_404_for_bogus_id" time="0.165" /><testcase classname="backend.tests.test_ai_endpoints" name="test_21_smart_reply_chat_with_ai_chat" time="5.849" /><testcase classname="backend.tests.test_ai_endpoints" name="test_30_compose_mail_happy_path" time="3.935" /><testcase classname="backend.tests.test_ai_endpoints" name="test_31_compose_mail_too_short_returns_400" time="0.158" /><testcase classname="backend.tests.test_ai_endpoints" name="test_40_rewrite_professional" time="2.669" /><testcase classname="backend.tests.test_ai_endpoints" name="test_41_rewrite_empty_returns_400" time="0.236" /><testcase classname="backend.tests.test_ai_endpoints" name="test_42_rewrite_whitespace_only_returns_400" time="0.208" /><testcase classname="backend.tests.test_ai_endpoints" name="test_50_subject_happy_path" time="1.846" /><testcase classname="backend.tests.test_ai_endpoints" name="test_51_subject_short_body_returns_400" time="0.173" /><testcase classname="backend.tests.test_ai_endpoints" name="test_60_summarize_thread_404_for_bogus" time="0.460" /><testcase classname="backend.tests.test_ai_endpoints" name="test_61_summarize_thread_happy_path" time="4.489" /><testcase classname="backend.tests.test_ai_endpoints" name="test_70_no_password_hash_leaks_anywhere" time="11.714" /><testcase classname="backend.tests.test_ai_endpoints" name="test_80_endpoints_require_auth" time="0.974" /><testcase classname="backend.tests.test_ai_endpoints" name="test_90_regression_auth_me_no_leak" time="0.150" /><testcase classname="backend.tests.test_ai_endpoints" name="test_91_regression_billing_plans" time="0.163" /><testcase classname="backend.tests.test_ai_endpoints" name="test_92_regression_mail_inbox" time="0.162" /><testcase classname="backend.tests.test_ai_endpoints" name="test_99_cleanup" time="0.010" /></testsuite></testsuites>