<?xml version="1.0" encoding="utf-8"?><testsuites name="pytest tests"><testsuite name="pytest" errors="0" failures="0" skipped="0" tests="5" time="5.402" timestamp="2026-06-24T23:33:33.897869+00:00" hostname="agent-env-44788911-22b9-4001-9837-32c0acf41775"><testcase classname="backend.tests.test_change_password_flow" name="test_login_seed_user" time="0.608" /><testcase classname="backend.tests.test_change_password_flow" name="test_login_wrong_pw" time="0.392" /><testcase classname="backend.tests.test_change_password_flow" name="test_change_password_wrong_current" time="0.775" /><testcase classname="backend.tests.test_change_password_flow" name="test_change_password_happy_path_then_revert" time="3.014" /><testcase classname="backend.tests.test_change_password_flow" name="test_support_contact_still_works" time="0.432" /></testsuite></testsuites>