<?xml version="1.0" encoding="utf-8"?><testsuites name="pytest tests"><testsuite name="pytest" errors="0" failures="0" skipped="0" tests="11" time="17.769" timestamp="2026-07-02T01:20:35.184779+00:00" hostname="agent-env-44788911-22b9-4001-9837-32c0acf41775"><testcase classname="backend.tests.test_e2ee.TestKeyDirectory" name="test_publish_idempotent" time="5.994" /><testcase classname="backend.tests.test_e2ee.TestKeyDirectory" name="test_get_my_key" time="0.263" /><testcase classname="backend.tests.test_e2ee.TestKeyDirectory" name="test_get_peer_key" time="1.741" /><testcase classname="backend.tests.test_e2ee.TestKeyDirectory" name="test_get_peer_key_missing" time="0.228" /><testcase classname="backend.tests.test_e2ee.TestKeyDirectory" name="test_publish_requires_auth" time="0.196" /><testcase classname="backend.tests.test_e2ee.TestE2EEMessages" name="test_send_e2ee_message_no_plaintext_stored" time="0.427" /><testcase classname="backend.tests.test_e2ee.TestE2EEMessages" name="test_alice_can_decrypt" time="0.480" /><testcase classname="backend.tests.test_e2ee.TestE2EEMessages" name="test_legacy_plaintext_still_works" time="0.233" /><testcase classname="backend.tests.test_e2ee.TestE2EEMessages" name="test_get_messages_returns_both_kinds" time="0.216" /><testcase classname="backend.tests.test_e2ee.TestE2EEMessages" name="test_e2ee_flag_false_when_only_ciphertext_no_nonce" time="0.304" /><testcase classname="backend.tests.test_e2ee.TestAIChatUnaffected" name="test_ai_chat_plaintext_reply" time="6.896" /></testsuite></testsuites>