<?xml version="1.0" encoding="utf-8"?><testsuites name="pytest tests"><testsuite name="pytest" errors="0" failures="0" skipped="0" tests="5" time="1.737" timestamp="2026-06-27T03:01:49.534447+00:00" hostname="agent-env-44788911-22b9-4001-9837-32c0acf41775"><testcase classname="backend.tests.test_iter17_overlay.TestAuthLogin" name="test_peter_login_200" time="0.666" /><testcase classname="backend.tests.test_iter17_overlay.TestAuthLogin" name="test_support_login_200" time="0.494" /><testcase classname="backend.tests.test_iter17_overlay.TestAdminStats" name="test_admin_stats_support_200" time="0.143" /><testcase classname="backend.tests.test_iter17_overlay.TestAdminStats" name="test_admin_stats_peter_403" time="0.138" /><testcase classname="backend.tests.test_iter17_overlay.TestAdminStats" name="test_admin_stats_no_auth_401" time="0.126" /></testsuite></testsuites>