<?xml version="1.0" encoding="utf-8"?><testsuites name="pytest tests"><testsuite name="pytest" errors="0" failures="0" skipped="0" tests="3" time="2.463" timestamp="2026-06-25T00:03:48.466797+00:00" hostname="agent-env-44788911-22b9-4001-9837-32c0acf41775"><testcase classname="backend.tests.test_iter12_verification.TestBillingPlans" name="test_billing_plans_payload" time="1.085" /><testcase classname="backend.tests.test_iter12_verification.TestAuthLogin" name="test_login_peter" time="0.407" /><testcase classname="backend.tests.test_iter12_verification.TestSupport" name="test_support_contact_ok" time="0.806" /></testsuite></testsuites>