<?xml version="1.0" encoding="utf-8"?><testsuites name="pytest tests"><testsuite name="pytest" errors="0" failures="0" skipped="0" tests="6" time="7.878" timestamp="2026-06-25T13:02:09.567207+00:00" hostname="agent-env-44788911-22b9-4001-9837-32c0acf41775"><testcase classname="backend.tests.test_iter13_verification.TestBillingPlans" name="test_plans_status_200" time="5.947" /><testcase classname="backend.tests.test_iter13_verification.TestBillingPlans" name="test_free_perks_exact_with_ghost_mail" time="0.084" /><testcase classname="backend.tests.test_iter13_verification.TestBillingPlans" name="test_plus_perks_unchanged" time="0.078" /><testcase classname="backend.tests.test_iter13_verification.TestBillingPlans" name="test_pro_perks_unchanged" time="0.051" /><testcase classname="backend.tests.test_iter13_verification.TestBillingPlans" name="test_only_ghost_mail_has_info_marker" time="0.059" /><testcase classname="backend.tests.test_iter13_verification.TestAuthRegression" name="test_login_peter_still_200" time="0.681" /></testsuite></testsuites>