<?xml version="1.0" encoding="utf-8"?><testsuites name="pytest tests"><testsuite name="pytest" errors="0" failures="0" skipped="0" tests="9" time="3.483" timestamp="2026-06-25T16:46:40.861238+00:00" hostname="agent-env-44788911-22b9-4001-9837-32c0acf41775"><testcase classname="tests.test_iter14_verification.TestAuth" name="test_login_success" time="1.866" /><testcase classname="tests.test_iter14_verification.TestAuth" name="test_login_wrong_password_401" time="0.394" /><testcase classname="tests.test_iter14_verification.TestBillingStorage" name="test_billing_me_storage_cap" time="0.054" /><testcase classname="tests.test_iter14_verification.TestBillingStorage" name="test_billing_plans_free_perks_has_10mb" time="0.048" /><testcase classname="tests.test_iter14_verification.TestBillingStorage" name="test_billing_plans_free_has_ghost_mail_info" time="0.047" /><testcase classname="tests.test_iter14_verification.TestMailInbound" name="test_inbound_no_attachments_returns_200" time="0.231" /><testcase classname="tests.test_iter14_verification.TestMailInbound" name="test_inbound_with_attachment_returns_200" time="0.182" /><testcase classname="tests.test_iter14_verification.TestSupport" name="test_support_contact_returns_200" time="0.057" /><testcase classname="tests.test_iter14_verification.TestSettingsDeps" name="test_auth_me_after_login" time="0.328" /></testsuite></testsuites>