<?xml version="1.0" encoding="utf-8"?><testsuites name="pytest tests"><testsuite name="pytest" errors="0" failures="0" skipped="0" tests="20" time="9.466" timestamp="2026-06-24T20:21:36.247929+00:00" hostname="agent-env-44788911-22b9-4001-9837-32c0acf41775"><testcase classname="backend.tests.test_mail_management" name="test_01_register_user" time="1.717" /><testcase classname="backend.tests.test_mail_management" name="test_02_claim_handle" time="0.166" /><testcase classname="backend.tests.test_mail_management" name="test_03_send_inbound_thread" time="0.596" /><testcase classname="backend.tests.test_mail_management" name="test_04_inbox_returns_3" time="0.186" /><testcase classname="backend.tests.test_mail_management" name="test_05_archive_one_excludes_from_inbox" time="0.535" /><testcase classname="backend.tests.test_mail_management" name="test_06_snooze_one_excludes_from_inbox" time="0.487" /><testcase classname="backend.tests.test_mail_management" name="test_07_snooze_past_date_rejected" time="0.164" /><testcase classname="backend.tests.test_mail_management" name="test_08_thread_view_marks_opened" time="0.178" /><testcase classname="backend.tests.test_mail_management" name="test_09_close_thread_ghost_deletes_unstarred_opened" time="1.002" /><testcase classname="backend.tests.test_mail_management" name="test_10_new_thread_starred_survives_close" time="1.205" /><testcase classname="backend.tests.test_mail_management" name="test_11_free_user_get_ghost_mail" time="0.160" /><testcase classname="backend.tests.test_mail_management" name="test_12_free_user_disable_ghost_is_402" time="0.154" /><testcase classname="backend.tests.test_mail_management" name="test_13_free_user_enable_ghost_is_200" time="0.175" /><testcase classname="backend.tests.test_mail_management" name="test_14_plus_user_disable_works" time="0.371" /><testcase classname="backend.tests.test_mail_management" name="test_15_close_thread_with_ghost_off_does_not_delete" time="0.860" /><testcase classname="backend.tests.test_mail_management" name="test_16_per_message_star_toggle" time="0.384" /><testcase classname="backend.tests.test_mail_management" name="test_17_auth_me_no_password_hash" time="0.169" /><testcase classname="backend.tests.test_mail_management" name="test_18_billing_plans" time="0.134" /><testcase classname="backend.tests.test_mail_management" name="test_19_inbox_no_legacy_break" time="0.165" /><testcase classname="backend.tests.test_mail_management" name="test_99_cleanup" time="0.007" /></testsuite></testsuites>