<?xml version="1.0" encoding="utf-8"?><testsuites name="pytest tests"><testsuite name="pytest" errors="0" failures="0" skipped="0" tests="5" time="2.257" timestamp="2026-06-28T11:54:10.555923+00:00" hostname="agent-env-44788911-22b9-4001-9837-32c0acf41775"><testcase classname="backend.tests.test_profile_setup.TestProfileUpdate" name="test_profile_update_with_avatar_and_about" time="0.984" /><testcase classname="backend.tests.test_profile_setup.TestProfileUpdate" name="test_profile_about_whatsapp_style" time="0.341" /><testcase classname="backend.tests.test_profile_setup.TestProfileUpdate" name="test_profile_about_139_char_max" time="0.300" /><testcase classname="backend.tests.test_profile_setup.TestProfileUpdate" name="test_profile_clear_avatar" time="0.315" /><testcase classname="backend.tests.test_profile_setup.TestProfileUpdate" name="test_profile_unauth_rejected" time="0.136" /></testsuite></testsuites>