<?xml version="1.0" encoding="utf-8"?><testsuites name="pytest tests"><testsuite name="pytest" errors="0" failures="0" skipped="0" tests="22" time="4.207" timestamp="2026-06-24T19:42:04.057660+00:00" hostname="agent-env-44788911-22b9-4001-9837-32c0acf41775"><testcase classname="tests.test_recovery_autoreply_signature.TestBootstrap" name="test_signup_and_claim_handle" time="1.108" /><testcase classname="tests.test_recovery_autoreply_signature.TestRecoveryEmailHappy" name="test_set_recovery_email" time="0.492" /><testcase classname="tests.test_recovery_autoreply_signature.TestRecoveryEmailHappy" name="test_verify_recovery_email" time="0.009" /><testcase classname="tests.test_recovery_autoreply_signature.TestRecoveryEmailHappy" name="test_me_has_recovery_email_no_password_hash" time="0.005" /><testcase classname="tests.test_recovery_autoreply_signature.TestRecoveryEmailHappy" name="test_delete_recovery_email" time="0.011" /><testcase classname="tests.test_recovery_autoreply_signature.TestRecoveryEmailErrors" name="test_invalid_email_format_400" time="0.006" /><testcase classname="tests.test_recovery_autoreply_signature.TestRecoveryEmailErrors" name="test_verify_without_pending_400" time="0.006" /><testcase classname="tests.test_recovery_autoreply_signature.TestRecoveryEmailErrors" name="test_wrong_otp_401" time="0.211" /><testcase classname="tests.test_recovery_autoreply_signature.TestForgotResetViaRecovery" name="test_setup_verified_recovery" time="0.186" /><testcase classname="tests.test_recovery_autoreply_signature.TestForgotResetViaRecovery" name="test_forgot_password_uses_recovery_email" time="0.179" /><testcase classname="tests.test_recovery_autoreply_signature.TestForgotResetViaRecovery" name="test_reset_password_with_otp_from_db" time="0.346" /><testcase classname="tests.test_recovery_autoreply_signature.TestForgotResetViaRecovery" name="test_login_with_new_password" time="0.341" /><testcase classname="tests.test_recovery_autoreply_signature.TestAutoReply" name="test_patch_enabled_no_body_400" time="0.006" /><testcase classname="tests.test_recovery_autoreply_signature.TestAutoReply" name="test_patch_valid_returns_settings" time="0.007" /><testcase classname="tests.test_recovery_autoreply_signature.TestAutoReply" name="test_get_auto_reply_returns_saved" time="0.005" /><testcase classname="tests.test_recovery_autoreply_signature.TestInbound" name="test_inbound_stores_email_no_500" time="0.223" /><testcase classname="tests.test_recovery_autoreply_signature.TestSignatureToggle" name="test_set_signature" time="0.007" /><testcase classname="tests.test_recovery_autoreply_signature.TestSignatureToggle" name="test_compose_with_signature_true" time="0.177" /><testcase classname="tests.test_recovery_autoreply_signature.TestSignatureToggle" name="test_compose_with_signature_false" time="0.190" /><testcase classname="tests.test_recovery_autoreply_signature.TestRegression" name="test_auth_me_no_password_hash" time="0.006" /><testcase classname="tests.test_recovery_autoreply_signature.TestRegression" name="test_billing_plans_three" time="0.004" /><testcase classname="tests.test_recovery_autoreply_signature.TestRegression" name="test_ai_start_chat" time="0.026" /></testsuite></testsuites>