<?xml version="1.0" encoding="utf-8"?><testsuites name="pytest tests"><testsuite name="pytest" errors="0" failures="1" skipped="0" tests="19" time="9.695" timestamp="2026-06-24T19:14:58.709005+00:00" hostname="agent-env-44788911-22b9-4001-9837-32c0acf41775"><testcase classname="backend.tests.test_refactor_verification.TestHealth" name="test_root_ok" time="0.366" /><testcase classname="backend.tests.test_refactor_verification.TestAuth" name="test_send_otp_returns_dev_otp" time="0.573" /><testcase classname="backend.tests.test_refactor_verification.TestAuth" name="test_verify_otp_with_password_creates_new_user" time="0.532" /><testcase classname="backend.tests.test_refactor_verification.TestAuth" name="test_verify_otp_invalid_returns_400" time="0.578" /><testcase classname="backend.tests.test_refactor_verification.TestAuth" name="test_auth_me_with_token" time="0.143"><failure message="assert 'password_hash' not in {'about': &quot;Hey there! I'm using Wave.&quot;, 'avatar': None, 'created_at': '2026-06-24T19:15:00.296407+00:00', 'failed_logins': 0, ...}">backend/tests/test_refactor_verification.py:121: in test_auth_me_with_token
    assert "password_hash" not in u
E   assert 'password_hash' not in {'about': "Hey there! I'm using Wave.", 'avatar': None, 'created_at': '2026-06-24T19:15:00.296407+00:00', 'failed_logins': 0, ...}</failure></testcase><testcase classname="backend.tests.test_refactor_verification.TestAuth" name="test_auth_me_unauthorized" time="0.176" /><testcase classname="backend.tests.test_refactor_verification.TestAuth" name="test_login_with_email_password" time="0.706" /><testcase classname="backend.tests.test_refactor_verification.TestAuth" name="test_login_wrong_password_401" time="0.517" /><testcase classname="backend.tests.test_refactor_verification.TestHandleMail" name="test_check_handle_short_reserved_4chars_requires_pro" time="0.160" /><testcase classname="backend.tests.test_refactor_verification.TestHandleMail" name="test_check_handle_6chars_free" time="0.167" /><testcase classname="backend.tests.test_refactor_verification.TestHandleMail" name="test_check_handle_admin_reserved" time="0.157" /><testcase classname="backend.tests.test_refactor_verification.TestHandleMail" name="test_mail_inbox_sent_drafts_return_arrays" time="0.552" /><testcase classname="backend.tests.test_refactor_verification.TestChats" name="test_ai_start_chat" time="0.202" /><testcase classname="backend.tests.test_refactor_verification.TestChats" name="test_list_chats" time="0.181" /><testcase classname="backend.tests.test_refactor_verification.TestChats" name="test_send_text_message" time="0.192" /><testcase classname="backend.tests.test_refactor_verification.TestBilling" name="test_billing_plans_three_tiers" time="3.183" /><testcase classname="backend.tests.test_refactor_verification.TestBilling" name="test_billing_me" time="0.155" /><testcase classname="backend.tests.test_refactor_verification.TestStatuses" name="test_post_status_text" time="0.173" /><testcase classname="backend.tests.test_refactor_verification.TestStatuses" name="test_list_statuses_returns_my_and_contacts" time="0.388" /></testsuite></testsuites>