<?xml version="1.0" encoding="utf-8"?><testsuites name="pytest tests"><testsuite name="pytest" errors="0" failures="0" skipped="0" tests="7" time="2.571" timestamp="2026-06-24T23:14:23.818919+00:00" hostname="agent-env-44788911-22b9-4001-9837-32c0acf41775"><testcase classname="backend.tests.test_signin_bugfix.TestAuthLogin" name="test_login_success_full_email" time="1.321" /><testcase classname="backend.tests.test_signin_bugfix.TestAuthLogin" name="test_login_wrong_password_returns_401" time="0.394" /><testcase classname="backend.tests.test_signin_bugfix.TestAuthLogin" name="test_login_unknown_user_returns_401" time="0.143" /><testcase classname="backend.tests.test_signin_bugfix.TestAuthLogin" name="test_login_handle_only_returns_401_at_backend" time="0.138" /><testcase classname="backend.tests.test_signin_bugfix.TestAuthMe" name="test_me_with_valid_token" time="0.052" /><testcase classname="backend.tests.test_signin_bugfix.TestAuthMe" name="test_me_without_token" time="0.176" /><testcase classname="backend.tests.test_signin_bugfix.TestSupportTicket" name="test_create_support_ticket" time="0.057" /></testsuite></testsuites>