<?xml version="1.0" encoding="utf-8"?><testsuites name="pytest tests"><testsuite name="pytest" errors="0" failures="0" skipped="0" tests="12" time="3.192" timestamp="2026-06-24T22:53:23.893558+00:00" hostname="agent-env-44788911-22b9-4001-9837-32c0acf41775"><testcase classname="backend.tests.test_support" name="test_00_register_test_user" time="0.687" /><testcase classname="backend.tests.test_support" name="test_01_auth_me_works" time="0.145" /><testcase classname="backend.tests.test_support" name="test_10_support_contact_unauthenticated_rejected" time="0.180" /><testcase classname="backend.tests.test_support" name="test_11_support_contact_valid_creates_ticket" time="0.152" /><testcase classname="backend.tests.test_support" name="test_12_support_contact_empty_subject_returns_400" time="0.177" /><testcase classname="backend.tests.test_support" name="test_13_support_contact_short_subject_returns_400" time="0.138" /><testcase classname="backend.tests.test_support" name="test_14_support_contact_short_message_returns_400" time="0.136" /><testcase classname="backend.tests.test_support" name="test_15_support_contact_oversized_subject_returns_400" time="0.173" /><testcase classname="backend.tests.test_support" name="test_20_my_tickets_returns_created_ticket" time="0.142" /><testcase classname="backend.tests.test_support" name="test_21_my_tickets_unauthenticated_rejected" time="0.183" /><testcase classname="backend.tests.test_support" name="test_22_other_user_does_not_see_tickets" time="0.629" /><testcase classname="backend.tests.test_support" name="test_99_cleanup" time="0.023" /></testsuite></testsuites>