<?xml version="1.0" encoding="utf-8"?><testsuites name="pytest tests"><testsuite name="pytest" errors="0" failures="0" skipped="1" tests="22" time="15.962" timestamp="2026-06-24T21:47:55.694829+00:00" hostname="agent-env-44788911-22b9-4001-9837-32c0acf41775"><testcase classname="backend.tests.test_voice_autoreply_actions" name="test_01_register_user" time="0.864" /><testcase classname="backend.tests.test_voice_autoreply_actions" name="test_02_claim_handle" time="0.182" /><testcase classname="backend.tests.test_voice_autoreply_actions" name="test_10_voice_empty_audio_returns_400" time="0.176" /><testcase classname="backend.tests.test_voice_autoreply_actions" name="test_11_voice_invalid_base64_returns_400" time="0.166" /><testcase classname="backend.tests.test_voice_autoreply_actions" name="test_12_voice_silence_wav_does_not_500" time="4.599" /><testcase classname="backend.tests.test_voice_autoreply_actions" name="test_13_voice_real_speech_sample" time="0.190"><skipped type="pytest.skip" message="Couldn't download sample: 403 Client Error: Forbidden for url: https://upload.wikimedia.org/wikipedia/commons/c/c8/Example.ogg">/app/backend/tests/test_voice_autoreply_actions.py:147: Couldn't download sample: 403 Client Error: Forbidden for url: https://upload.wikimedia.org/wikipedia/commons/c/c8/Example.ogg</skipped></testcase><testcase classname="backend.tests.test_voice_autoreply_actions" name="test_14_voice_no_polish_returns_raw_transcript" time="1.172" /><testcase classname="backend.tests.test_voice_autoreply_actions" name="test_15_voice_requires_auth" time="0.161" /><testcase classname="backend.tests.test_voice_autoreply_actions" name="test_20_free_user_ai_enabled_returns_402" time="0.171" /><testcase classname="backend.tests.test_voice_autoreply_actions" name="test_21_promote_user_to_plus" time="0.003" /><testcase classname="backend.tests.test_voice_autoreply_actions" name="test_22_plus_user_ai_enabled_empty_body_returns_200" time="0.176" /><testcase classname="backend.tests.test_voice_autoreply_actions" name="test_23_get_auto_reply_returns_ai_enabled" time="0.207" /><testcase classname="backend.tests.test_voice_autoreply_actions" name="test_24_turn_off_ai_enabled_with_static_body" time="0.209" /><testcase classname="backend.tests.test_voice_autoreply_actions" name="test_25_enabled_no_body_no_ai_returns_400" time="0.169" /><testcase classname="backend.tests.test_voice_autoreply_actions" name="test_30_actions_empty_inbox_returns_empty_list" time="0.208" /><testcase classname="backend.tests.test_voice_autoreply_actions" name="test_31_actions_seed_and_extract" time="5.974" /><testcase classname="backend.tests.test_voice_autoreply_actions" name="test_32_actions_requires_auth" time="0.148" /><testcase classname="backend.tests.test_voice_autoreply_actions" name="test_90_auth_me_no_password_leak" time="0.157" /><testcase classname="backend.tests.test_voice_autoreply_actions" name="test_91_billing_plans_three" time="0.131" /><testcase classname="backend.tests.test_voice_autoreply_actions" name="test_92_mail_inbox_200" time="0.159" /><testcase classname="backend.tests.test_voice_autoreply_actions" name="test_93_ghost_mail_close_thread" time="0.159" /><testcase classname="backend.tests.test_voice_autoreply_actions" name="test_99_cleanup" time="0.006" /></testsuite></testsuites>