<?xml version="1.0" encoding="utf-8"?><testsuites name="pytest tests"><testsuite name="pytest" errors="0" failures="0" skipped="0" tests="16" time="7.721" timestamp="2026-05-09T13:17:31.913074+00:00" hostname="agent-env-44788911-22b9-4001-9837-32c0acf41775"><testcase classname="backend.tests.test_wave_backend" name="test_send_otp_returns_dev_otp" time="0.248" /><testcase classname="backend.tests.test_wave_backend" name="test_verify_otp_invalid" time="0.335" /><testcase classname="backend.tests.test_wave_backend" name="test_register_user_a_and_b" time="0.645" /><testcase classname="backend.tests.test_wave_backend" name="test_auth_me" time="0.172" /><testcase classname="backend.tests.test_wave_backend" name="test_me_unauthorized" time="0.149" /><testcase classname="backend.tests.test_wave_backend" name="test_update_profile" time="0.334" /><testcase classname="backend.tests.test_wave_backend" name="test_list_users_excludes_self" time="0.177" /><testcase classname="backend.tests.test_wave_backend" name="test_create_1on1_chat_idempotent" time="0.329" /><testcase classname="backend.tests.test_wave_backend" name="test_create_group_chat" time="0.150" /><testcase classname="backend.tests.test_wave_backend" name="test_list_chats" time="0.154" /><testcase classname="backend.tests.test_wave_backend" name="test_send_text_message_and_get" time="0.323" /><testcase classname="backend.tests.test_wave_backend" name="test_send_image_and_voice" time="0.295" /><testcase classname="backend.tests.test_wave_backend" name="test_messages_unauthorized_chat" time="0.451" /><testcase classname="backend.tests.test_wave_backend" name="test_ai_start_chat" time="0.302" /><testcase classname="backend.tests.test_wave_backend" name="test_ai_replies_to_text" time="1.873" /><testcase classname="backend.tests.test_wave_backend" name="test_websocket_new_message_and_typing" time="1.442" /></testsuite></testsuites>