<?xml version="1.0" encoding="utf-8"?><testsuites name="pytest tests"><testsuite name="pytest" errors="0" failures="0" skipped="0" tests="19" time="4.832" timestamp="2026-05-11T00:46:22.966928+00:00" hostname="agent-env-44788911-22b9-4001-9837-32c0acf41775"><testcase classname="backend.tests.test_wave_mail" name="test_register_two_users" time="0.732" /><testcase classname="backend.tests.test_wave_mail" name="test_check_handle_reserved" time="0.158" /><testcase classname="backend.tests.test_wave_mail" name="test_check_handle_too_short" time="0.119" /><testcase classname="backend.tests.test_wave_mail" name="test_check_handle_available" time="0.222" /><testcase classname="backend.tests.test_wave_mail" name="test_check_handle_requires_auth" time="0.160" /><testcase classname="backend.tests.test_wave_mail" name="test_claim_handle_reserved_rejected" time="0.125" /><testcase classname="backend.tests.test_wave_mail" name="test_claim_handle_bad_format_rejected" time="0.172" /><testcase classname="backend.tests.test_wave_mail" name="test_claim_handle_a_success_and_persists" time="0.285" /><testcase classname="backend.tests.test_wave_mail" name="test_claim_handle_b_success" time="0.145" /><testcase classname="backend.tests.test_wave_mail" name="test_claim_handle_duplicate_blocked" time="0.131" /><testcase classname="backend.tests.test_wave_mail" name="test_compose_saved_no_provider_fallback" time="0.129" /><testcase classname="backend.tests.test_wave_mail" name="test_compose_blocked_without_handle" time="0.382" /><testcase classname="backend.tests.test_wave_mail" name="test_sent_folder_has_email_no_id_leak" time="0.137" /><testcase classname="backend.tests.test_wave_mail" name="test_inbox_empty_for_a_initially" time="0.148" /><testcase classname="backend.tests.test_wave_mail" name="test_mail_detail_owner_can_read_and_marks_read" time="0.152" /><testcase classname="backend.tests.test_wave_mail" name="test_mail_detail_forbidden_for_outsider" time="0.464" /><testcase classname="backend.tests.test_wave_mail" name="test_inbound_webhook_stores_for_matching_user_and_appears_in_inbox" time="0.327" /><testcase classname="backend.tests.test_wave_mail" name="test_inbound_unknown_recipient_dropped" time="0.134" /><testcase classname="backend.tests.test_wave_mail" name="test_inbound_off_domain_dropped" time="0.165" /></testsuite></testsuites>